<?xml version="1.0" encoding="UTF-8"?>
<testsuite name="com.utn.sprint3.Sprint3ApplicationTests" tests="1" skipped="0" failures="0" errors="0" timestamp="2023-10-24T22:11:15" hostname="DESKTOP-2BTKTMS" time="1.028">
  <properties/>
  <testcase name="contextLoads()" classname="com.utn.sprint3.Sprint3ApplicationTests" time="1.028"/>
  <system-out><![CDATA[19:11:03.717 [Test worker] INFO org.springframework.test.context.support.AnnotationConfigContextLoaderUtils -- Could not detect default configuration classes for test class [com.utn.sprint3.Sprint3ApplicationTests]: Sprint3ApplicationTests does not declare any static, non-private, non-final, nested classes annotated with @Configuration.
19:11:03.919 [Test worker] INFO org.springframework.boot.test.context.SpringBootTestContextBootstrapper -- Found @SpringBootConfiguration com.utn.sprint3.Sprint3Application for test class com.utn.sprint3.Sprint3ApplicationTests

  .   ____          _            __ _ _
 /\\ / ___'_ __ _ _(_)_ __  __ _ \ \ \ \
( ( )\___ | '_ | '_| | '_ \/ _` | \ \ \ \
 \\/  ___)| |_)| | | | | || (_| |  ) ) ) )
  '  |____| .__|_| |_|_| |_\__, | / / / /
 =========|_|==============|___/=/_/_/_/
 :: Spring Boot ::                (v3.1.4)

2023-10-24T19:11:04.615-03:00  INFO 7000 --- [    Test worker] c.utn.sprint3.Sprint3ApplicationTests    : Starting Sprint3ApplicationTests using Java 18.0.2.1 with PID 7000 (started by Emilio in E:\Users\Emilio\Documents\Sprint 4)
2023-10-24T19:11:04.617-03:00  INFO 7000 --- [    Test worker] c.utn.sprint3.Sprint3ApplicationTests    : No active profile set, falling back to 1 default profile: "default"
2023-10-24T19:11:05.990-03:00  INFO 7000 --- [    Test worker] .s.d.r.c.RepositoryConfigurationDelegate : Bootstrapping Spring Data JPA repositories in DEFAULT mode.
2023-10-24T19:11:06.305-03:00  INFO 7000 --- [    Test worker] .s.d.r.c.RepositoryConfigurationDelegate : Finished Spring Data repository scanning in 292 ms. Found 18 JPA repository interfaces.
2023-10-24T19:11:07.572-03:00  INFO 7000 --- [    Test worker] o.hibernate.jpa.internal.util.LogHelper  : HHH000204: Processing PersistenceUnitInfo [name: default]
2023-10-24T19:11:07.749-03:00  INFO 7000 --- [    Test worker] org.hibernate.Version                    : HHH000412: Hibernate ORM core version 6.2.9.Final
2023-10-24T19:11:07.766-03:00  INFO 7000 --- [    Test worker] org.hibernate.cfg.Environment            : HHH000406: Using bytecode reflection optimizer
2023-10-24T19:11:08.091-03:00  INFO 7000 --- [    Test worker] o.h.b.i.BytecodeProviderInitiator        : HHH000021: Bytecode provider name : bytebuddy
2023-10-24T19:11:08.518-03:00  INFO 7000 --- [    Test worker] o.s.o.j.p.SpringPersistenceUnitInfo      : No LoadTimeWeaver setup: ignoring JPA class transformer
2023-10-24T19:11:08.552-03:00  INFO 7000 --- [    Test worker] com.zaxxer.hikari.HikariDataSource       : HikariPool-1 - Starting...
2023-10-24T19:11:09.209-03:00  INFO 7000 --- [    Test worker] com.zaxxer.hikari.pool.HikariPool        : HikariPool-1 - Added connection conn0: url=jdbc:h2:mem:./dttmdb user=SA
2023-10-24T19:11:09.212-03:00  INFO 7000 --- [    Test worker] com.zaxxer.hikari.HikariDataSource       : HikariPool-1 - Start completed.
2023-10-24T19:11:09.929-03:00  INFO 7000 --- [    Test worker] o.h.b.i.BytecodeProviderInitiator        : HHH000021: Bytecode provider name : bytebuddy
2023-10-24T19:11:11.370-03:00  INFO 7000 --- [    Test worker] o.h.e.t.j.p.i.JtaPlatformInitiator       : HHH000490: Using JtaPlatform implementation: [org.hibernate.engine.transaction.jta.platform.internal.NoJtaPlatform]
2023-10-24T19:11:11.516-03:00  INFO 7000 --- [    Test worker] j.LocalContainerEntityManagerFactoryBean : Initialized JPA EntityManagerFactory for persistence unit 'default'
2023-10-24T19:11:12.277-03:00  INFO 7000 --- [    Test worker] o.s.d.j.r.query.QueryEnhancerFactory     : Hibernate is in classpath; If applicable, HQL parser will be used.
2023-10-24T19:11:14.333-03:00  WARN 7000 --- [    Test worker] JpaBaseConfiguration$JpaWebConfiguration : spring.jpa.open-in-view is enabled by default. Therefore, database queries may be performed during view rendering. Explicitly configure spring.jpa.open-in-view to disable this warning
2023-10-24T19:11:14.918-03:00  INFO 7000 --- [    Test worker] o.s.b.a.h2.H2ConsoleAutoConfiguration    : H2 console available at '/h2-console'. Database available at 'jdbc:h2:mem:./dttmdb'
2023-10-24T19:11:15.000-03:00  INFO 7000 --- [    Test worker] c.utn.sprint3.Sprint3ApplicationTests    : Started Sprint3ApplicationTests in 10.813 seconds (process running for 13.175)
]]></system-out>
  <system-err><![CDATA[]]></system-err>
</testsuite>
